<?xml version="1.0" encoding="UTF-8"?>
<testsuite name="ValidacoesDeGetTest" tests="4" skipped="0" failures="0" errors="0" timestamp="2023-06-07T01:21:41" hostname="INF-1492" time="5.983">
  <properties/>
  <testcase name="Deveria verificar se as idades estÃ£o vindo na ordem correta" classname="ValidacoesDeGetTest" time="1.38"/>
  <testcase name="Deveria verificar se os dados da Maria estÃ£o corretos" classname="ValidacoesDeGetTest" time="1.6"/>
  <testcase name="Deveria verificar se a lista estÃ¡ trazendo 3 users" classname="ValidacoesDeGetTest" time="1.595"/>
  <testcase name="Deveria verificar se as idades estÃ£o vindo com os valores corretos, em qualquer ordem" classname="ValidacoesDeGetTest" time="1.407"/>
  <system-out><![CDATA[]]></system-out>
  <system-err><![CDATA[]]></system-err>
</testsuite>
