<?xml version="1.0" encoding="UTF-8"?>
<testsuite name="SerializacaoTest" tests="4" skipped="0" failures="0" errors="0" timestamp="2023-06-07T01:21:37" hostname="INF-1492" time="2.759">
  <properties/>
  <testcase name="Deveria criar um POST passando um Map" classname="SerializacaoTest" time="0.515"/>
  <testcase name="Deveria criar um POST passando uma String" classname="SerializacaoTest" time="0.406"/>
  <testcase name="Deveria deserializar apÃ³s criar um USUARIO passando um Objeto" classname="SerializacaoTest" time="1.446"/>
  <testcase name="Deveria criar um POST passando um Objeto" classname="SerializacaoTest" time="0.39"/>
  <system-out><![CDATA[]]></system-out>
  <system-err><![CDATA[]]></system-err>
</testsuite>
